Determining if the pthread_create exist failed with the following output:
Change Dir: /home/test/sumo/build/cmake-build/CMakeFiles/CMakeTmp

Run Build Command:"/usr/bin/make" "cmTC_395e4/fast"
/usr/bin/make -f CMakeFiles/cmTC_395e4.dir/build.make CMakeFiles/cmTC_395e4.dir/build
make[1]: Entering directory '/home/test/sumo/build/cmake-build/CMakeFiles/CMakeTmp'
Building C object CMakeFiles/cmTC_395e4.dir/CheckSymbolExists.c.o
/usr/bin/cc   -fPIE   -o CMakeFiles/cmTC_395e4.dir/CheckSymbolExists.c.o   -c /home/test/sumo/build/cmake-build/CMakeFiles/CMakeTmp/CheckSymbolExists.c
Linking C executable cmTC_395e4
/usr/bin/cmake -E cmake_link_script CMakeFiles/cmTC_395e4.dir/link.txt --verbose=1
/usr/bin/cc      -rdynamic CMakeFiles/cmTC_395e4.dir/CheckSymbolExists.c.o  -o cmTC_395e4 
CMakeFiles/cmTC_395e4.dir/CheckSymbolExists.c.o: In function `main':
CheckSymbolExists.c:(.text+0x1b): undefined reference to `pthread_create'
collect2: error: ld returned 1 exit status
CMakeFiles/cmTC_395e4.dir/build.make:97: recipe for target 'cmTC_395e4' failed
make[1]: *** [cmTC_395e4] Error 1
make[1]: Leaving directory '/home/test/sumo/build/cmake-build/CMakeFiles/CMakeTmp'
Makefile:126: recipe for target 'cmTC_395e4/fast' failed
make: *** [cmTC_395e4/fast] Error 2

File /home/test/sumo/build/cmake-build/CMakeFiles/CMakeTmp/CheckSymbolExists.c:
/* */
#include <pthread.h>

int main(int argc, char** argv)
{
  (void)argv;
#ifndef pthread_create
  return ((int*)(&pthread_create))[argc];
#else
  (void)argc;
  return 0;
#endif
}

Determining if the function pthread_create exists in the pthreads failed with the following output:
Change Dir: /home/test/sumo/build/cmake-build/CMakeFiles/CMakeTmp

Run Build Command:"/usr/bin/make" "cmTC_74205/fast"
/usr/bin/make -f CMakeFiles/cmTC_74205.dir/build.make CMakeFiles/cmTC_74205.dir/build
make[1]: Entering directory '/home/test/sumo/build/cmake-build/CMakeFiles/CMakeTmp'
Building C object CMakeFiles/cmTC_74205.dir/CheckFunctionExists.c.o
/usr/bin/cc   -DCHECK_FUNCTION_EXISTS=pthread_create -fPIE   -o CMakeFiles/cmTC_74205.dir/CheckFunctionExists.c.o   -c /usr/share/cmake-3.10/Modules/CheckFunctionExists.c
Linking C executable cmTC_74205
/usr/bin/cmake -E cmake_link_script CMakeFiles/cmTC_74205.dir/link.txt --verbose=1
/usr/bin/cc  -DCHECK_FUNCTION_EXISTS=pthread_create    -rdynamic CMakeFiles/cmTC_74205.dir/CheckFunctionExists.c.o  -o cmTC_74205 -lpthreads 
/usr/bin/ld: cannot find -lpthreads
collect2: error: ld returned 1 exit status
CMakeFiles/cmTC_74205.dir/build.make:97: recipe for target 'cmTC_74205' failed
make[1]: *** [cmTC_74205] Error 1
make[1]: Leaving directory '/home/test/sumo/build/cmake-build/CMakeFiles/CMakeTmp'
Makefile:126: recipe for target 'cmTC_74205/fast' failed
make: *** [cmTC_74205/fast] Error 2


